INFO: 2024/09/09 19:33:38 server.go:22: Failed to configure TLS: open : no such file or directory
INFO: 2024/09/09 19:34:37 server.go:22: Failed to configure TLS: open : no such file or directory
INFO: 2024/09/09 19:35:09 server.go:22: Failed to configure TLS: open : no such file or directory
INFO: 2024/09/09 19:40:23 server.go:22: Failed to configure TLS: open : no such file or directory
INFO: 2024/09/09 19:47:59 server.go:11: Starting server at localhost:8080...
INFO: 2024/09/09 19:47:59 server.go:15: Non-routable or numeric IP detected. Starting HTTP server...
INFO: 2024/09/09 19:47:59 server.go:43: Starting HTTP server...
INFO: 2024/09/09 19:48:03 logger.go:42: Failed to create CloudWatch log stream: NoCredentialProviders: no valid providers in chain. Deprecated.
	For verbose messaging see aws.Config.CredentialsChainVerboseErrors
INFO: 2024/09/09 20:17:54 server.go:11: Starting server at localhost:8080...
INFO: 2024/09/09 20:17:54 server.go:15: Non-routable or numeric IP detected. Starting HTTP server...
INFO: 2024/09/09 20:17:54 server.go:43: Starting HTTP server...
INFO: 2024/09/09 20:17:59 logger.go:42: Failed to create CloudWatch log stream: NoCredentialProviders: no valid providers in chain. Deprecated.
	For verbose messaging see aws.Config.CredentialsChainVerboseErrors
INFO: 2024/09/09 21:20:54 main.go:32: Shutting down server...
INFO: 2024/09/09 21:20:54 main.go:41: Server exited
INFO: 2024/09/09 21:20:58 server.go:11: Starting server at 127.0.0.1:8082...
INFO: 2024/09/09 21:20:58 server.go:15: Non-routable or numeric IP detected. Starting HTTP server...
INFO: 2024/09/09 21:20:58 server.go:43: Starting HTTP server...
INFO: 2024/09/09 21:21:03 logger.go:42: Failed to create CloudWatch log stream: NoCredentialProviders: no valid providers in chain. Deprecated.
	For verbose messaging see aws.Config.CredentialsChainVerboseErrors
INFO: 2024/09/09 21:35:48 main.go:32: Shutting down server...
INFO: 2024/09/09 21:35:48 main.go:41: Server exited
INFO: 2024/09/09 21:36:19 server.go:11: Starting server at localhost:8080...
INFO: 2024/09/09 21:36:19 server.go:15: Non-routable or numeric IP detected. Starting HTTP server...
INFO: 2024/09/09 21:36:19 server.go:43: Starting HTTP server...
INFO: 2024/09/09 21:36:23 main.go:32: Shutting down server...
INFO: 2024/09/09 21:36:23 main.go:41: Server exited
INFO: 2024/09/09 21:42:38 server.go:11: Starting server at localhost:8080...
INFO: 2024/09/09 21:42:38 server.go:15: Non-routable or numeric IP detected. Starting HTTP server...
INFO: 2024/09/09 21:42:38 server.go:43: Starting HTTP server...
INFO: 2024/09/09 21:42:44 logger.go:42: Failed to create CloudWatch log stream: NoCredentialProviders: no valid providers in chain. Deprecated.
	For verbose messaging see aws.Config.CredentialsChainVerboseErrors
INFO: 2024/09/09 21:43:37 main.go:32: Shutting down server...
INFO: 2024/09/09 21:43:37 main.go:41: Server exited
INFO: 2024/09/09 21:48:10 server.go:11: Starting server at localhost:8080...
INFO: 2024/09/09 21:48:10 server.go:15: Non-routable or numeric IP detected. Starting HTTP server...
INFO: 2024/09/09 21:48:10 server.go:43: Starting HTTP server...
INFO: 2024/09/09 21:48:16 logger.go:42: Failed to create CloudWatch log stream: NoCredentialProviders: no valid providers in chain. Deprecated.
	For verbose messaging see aws.Config.CredentialsChainVerboseErrors
INFO: 2024/09/09 21:49:00 main.go:32: Shutting down server...
INFO: 2024/09/09 21:49:00 main.go:41: Server exited
